[2022-01-11 21:44:20] => Selecionado o campo de comentário
[2022-01-11 21:44:24] => Comentário publicado
[2022-01-11 22:01:31] => Selecionado o campo de comentário
[2022-01-11 22:01:35] => Digitando comentário: @marcoa.bh
[2022-01-11 22:01:36] => Comentário publicado
[2022-01-11 22:02:17] => Selecionado o campo de comentário
[2022-01-11 22:02:17] => Digitando comentário: @marcoa.bh
[2022-01-11 22:02:22] => Comentário publicado
[2022-01-11 22:05:27] => Selecionado o campo de comentário
[2022-01-11 22:05:27] => Digitando comentário: @marimdx

[2022-01-11 22:05:32] => Comentário publicado
[2022-01-11 22:05:32] => Digitando comentário: @marcoa.bh
[2022-01-11 22:05:37] => Comentário publicado
[2022-01-11 22:05:37] => Digitando comentário: @claudiamsantos43

[2022-01-11 22:06:43] => Selecionado o campo de comentário
[2022-01-11 22:06:43] => Digitando comentário: @marimdx

[2022-01-11 22:09:34] => Selecionado o campo de comentário
[2022-01-11 22:09:34] => Digitando comentário: @biancascsc

[2022-01-11 22:09:35] => Digitando comentário: @claudiamsantos43

[2022-01-11 22:09:37] => Digitando comentário: @marimdx

[2022-01-11 22:09:42] => Comentário publicado
[2022-01-11 22:10:16] => Selecionado o campo de comentário
[2022-01-11 22:10:16] => Digitando comentário: @claudiamsantos43

[2022-01-11 22:10:17] => Digitando comentário: @maarcot

[2022-01-11 22:10:18] => Digitando comentário: @nathy.sc

[2022-01-11 22:10:23] => Comentário publicado
[2022-01-11 22:10:57] => Selecionado o campo de comentário
[2022-01-11 22:10:57] => Digitando comentário: @marimdx

[2022-01-11 22:10:58] => Digitando comentário: @nathy.sc

[2022-01-11 22:10:59] => Digitando comentário: @biancascsc

[2022-01-11 22:11:04] => Comentário publicado
[2022-01-11 22:11:43] => Selecionado o campo de comentário
[2022-01-11 22:11:43] => Digitando comentário: @claudiamsantos43

[2022-01-11 22:11:45] => Digitando comentário: @nathy.sc

[2022-01-11 22:11:46] => Digitando comentário: @nathy.sc

[2022-01-11 22:11:51] => Comentário publicado
[2022-01-11 22:16:21] => Selecionado o campo de comentário
[2022-01-11 22:17:01] => Selecionado o campo de comentário
[2022-01-11 22:17:01] => Digitando comentário: @maarcot

[2022-01-11 22:17:02] => Digitando comentário: @marcoa.bh
[2022-01-11 22:17:03] => Digitando comentário: @enzo_ea

[2022-01-11 22:17:07] => Comentário publicado
[2022-01-11 22:17:42] => Selecionado o campo de comentário
[2022-01-11 22:17:42] => Digitando comentário: @maarcot

[2022-01-11 22:17:43] => Digitando comentário: @biancascsc

[2022-01-11 22:17:44] => Digitando comentário: @nathy.sc

[2022-01-11 22:17:49] => Comentário publicado
[2022-01-11 22:18:25] => Selecionado o campo de comentário
[2022-01-11 22:18:25] => Digitando comentário: @maarcot

[2022-01-11 22:18:26] => Digitando comentário: @claudiamsantos43

[2022-01-11 22:18:27] => Digitando comentário: @nathy.sc

[2022-01-11 22:18:32] => Comentário publicado
[2022-01-11 22:19:11] => Selecionado o campo de comentário
[2022-01-11 22:19:11] => Digitando comentário: @marcoa.bh
[2022-01-11 22:19:12] => Digitando comentário: @claudiamsantos43

[2022-01-11 22:19:14] => Digitando comentário: @maarcot

[2022-01-11 22:19:19] => Comentário publicado
[2022-01-11 22:19:51] => Selecionado o campo de comentário
[2022-01-11 22:19:51] => Digitando comentário: @nathy.sc

[2022-01-11 22:19:52] => Digitando comentário: @biancascsc

[2022-01-11 22:19:53] => Digitando comentário: @enzo_ea

[2022-01-11 22:19:58] => Comentário publicado
[2022-01-11 22:20:35] => Selecionado o campo de comentário
[2022-01-11 22:20:35] => Digitando comentário: @biancascsc

[2022-01-11 22:20:37] => Digitando comentário: @marcoa.bh
[2022-01-11 22:20:38] => Digitando comentário: @maarcot

[2022-01-11 22:20:43] => Comentário publicado
[2022-01-11 22:21:19] => Selecionado o campo de comentário
[2022-01-11 22:21:19] => Digitando comentário: @claudiamsantos43

[2022-01-11 22:21:21] => Digitando comentário: @marcoa.bh
[2022-01-11 22:21:22] => Digitando comentário: @nathy.sc

[2022-01-11 22:21:27] => Comentário publicado
[2022-01-11 22:22:02] => Selecionado o campo de comentário
[2022-01-11 22:22:02] => Digitando comentário: @claudiamsantos43

[2022-01-11 22:22:04] => Digitando comentário: @biancascsc

[2022-01-11 22:22:05] => Digitando comentário: @marcoa.bh
[2022-01-11 22:22:10] => Comentário publicado
[2022-01-11 22:22:43] => Selecionado o campo de comentário
[2022-01-11 22:22:43] => Digitando comentário: @marcoa.bh
[2022-01-11 22:22:44] => Digitando comentário: @nathy.sc

[2022-01-11 22:22:45] => Digitando comentário: @enzo_ea

[2022-01-11 22:22:50] => Comentário publicado
[2022-01-11 22:23:26] => Selecionado o campo de comentário
[2022-01-11 22:23:26] => Digitando comentário: @marcoa.bh
[2022-01-11 22:23:27] => Digitando comentário: @claudiamsantos43

[2022-01-11 22:23:29] => Digitando comentário: @enzo_ea

[2022-01-11 22:23:34] => Comentário publicado
[2022-01-11 22:24:10] => Selecionado o campo de comentário
[2022-01-11 22:24:10] => Digitando comentário: @enzo_ea

[2022-01-11 22:24:11] => Digitando comentário: @nathy.sc

[2022-01-11 22:24:12] => Digitando comentário: @biancascsc

[2022-01-11 22:24:17] => Comentário publicado
[2022-01-11 22:24:56] => Selecionado o campo de comentário
[2022-01-11 22:24:56] => Digitando comentário: @maarcot

[2022-01-11 22:24:56] => Digitando comentário: @claudiamsantos43

[2022-01-11 22:24:58] => Digitando comentário: @marcoa.bh
[2022-01-11 22:25:04] => Comentário publicado
[2022-01-11 22:25:39] => Selecionado o campo de comentário
[2022-01-11 22:25:39] => Digitando comentário: @biancascsc

[2022-01-11 22:25:40] => Digitando comentário: @marcoa.bh
[2022-01-11 22:25:41] => Digitando comentário: @enzo_ea

[2022-01-11 22:25:46] => Comentário publicado
[2022-01-11 22:26:20] => Selecionado o campo de comentário
[2022-01-11 22:26:20] => Digitando comentário: @maarcot

[2022-01-11 22:26:21] => Digitando comentário: @claudiamsantos43

[2022-01-11 22:26:23] => Digitando comentário: @biancascsc

[2022-01-11 22:26:28] => Comentário publicado
[2022-01-11 22:27:04] => Selecionado o campo de comentário
[2022-01-11 22:27:04] => Digitando comentário: @nathy.sc

[2022-01-11 22:27:05] => Digitando comentário: @marcoa.bh
[2022-01-11 22:27:06] => Digitando comentário: @maarcot

[2022-01-11 22:27:11] => Comentário publicado
[2022-01-11 22:27:46] => Selecionado o campo de comentário
[2022-01-11 22:27:46] => Digitando comentário: @biancascsc

[2022-01-11 22:27:48] => Digitando comentário: @enzo_ea

[2022-01-11 22:27:49] => Digitando comentário: @claudiamsantos43

[2022-01-11 22:27:55] => Comentário publicado
[2022-01-11 22:28:29] => Selecionado o campo de comentário
[2022-01-11 22:28:29] => Digitando comentário: @marcoa.bh
[2022-01-11 22:28:30] => Digitando comentário: @maarcot

[2022-01-11 22:28:31] => Digitando comentário: @enzo_ea

[2022-01-11 22:28:36] => Comentário publicado
[2022-01-11 22:29:12] => Selecionado o campo de comentário
[2022-01-11 22:29:12] => Digitando comentário: @nathy.sc

[2022-01-11 22:29:13] => Digitando comentário: @marcoa.bh
[2022-01-11 22:29:14] => Digitando comentário: @claudiamsantos43

[2022-01-11 22:29:20] => Comentário publicado
[2022-01-11 22:29:56] => Selecionado o campo de comentário
[2022-01-11 22:29:56] => Digitando comentário: @enzo_ea

[2022-01-11 22:29:57] => Digitando comentário: @marcoa.bh
[2022-01-11 22:29:58] => Digitando comentário: @biancascsc

[2022-01-11 22:30:03] => Comentário publicado
[2022-01-11 22:30:39] => Selecionado o campo de comentário
[2022-01-11 22:30:39] => Digitando comentário: @nathy.sc

[2022-01-11 22:30:41] => Digitando comentário: @enzo_ea

[2022-01-11 22:30:42] => Digitando comentário: @biancascsc

[2022-01-11 22:30:47] => Comentário publicado
[2022-01-12 23:23:39] => Selecionado o campo de comentário
[2022-01-12 23:23:39] => Digitando comentário: @maarcot

[2022-01-12 23:23:40] => Digitando comentário: @enzo_ea

[2022-01-12 23:23:41] => Digitando comentário: @claudiamsantos43

[2022-01-12 23:23:46] => Comentário publicado
[2022-01-12 23:24:23] => Selecionado o campo de comentário
[2022-01-12 23:24:23] => Digitando comentário: @marcoa.bh
[2022-01-12 23:24:24] => Digitando comentário: @maarcot

[2022-01-12 23:24:25] => Digitando comentário: @nathy.sc

[2022-01-12 23:24:30] => Comentário publicado
